0 info it worked if it ends with ok
1 verbose cli [ '/usr/bin/nodejs', '/usr/local/bin/npm', 'start' ]
2 info using npm@3.9.5
3 info using node@v6.3.0
4 verbose run-script [ 'prestart', 'start', 'poststart' ]
5 info lifecycle DardeVilleServer@0.0.0~prestart: DardeVilleServer@0.0.0
6 silly lifecycle DardeVilleServer@0.0.0~prestart: no script for prestart, continuing
7 info lifecycle DardeVilleServer@0.0.0~start: DardeVilleServer@0.0.0
8 verbose lifecycle DardeVilleServer@0.0.0~start: unsafe-perm in lifecycle true
9 verbose lifecycle DardeVilleServer@0.0.0~start: PATH: /usr/local/lib/node_modules/npm/bin/node-gyp-bin:/home/cazala/Documents/Projects/DardeVilleServer/node_modules/.bin:/usr/bin:/home/cazala/Applications/DataCloudGoogle/google-cloud-sdk/bin:/usr/local/heroku/bin:/usr/local/sbin:/usr/local/bin:/usr/sbin:/usr/bin:/sbin:/bin:/usr/games:/usr/local/games
10 verbose lifecycle DardeVilleServer@0.0.0~start: CWD: /home/cazala/Documents/Projects/DardeVilleServer
11 silly lifecycle DardeVilleServer@0.0.0~start: Args: [ '-c',
11 silly lifecycle   'cd scripts && ./environment_variables_script.sh && cd ../ && node ./bin/www' ]
12 silly lifecycle DardeVilleServer@0.0.0~start: Returned: code: 1  signal: null
13 info lifecycle DardeVilleServer@0.0.0~start: Failed to exec start script
14 verbose stack Error: DardeVilleServer@0.0.0 start: `cd scripts && ./environment_variables_script.sh && cd ../ && node ./bin/www`
14 verbose stack Exit status 1
14 verbose stack     at EventEmitter.<anonymous> (/usr/local/lib/node_modules/npm/lib/utils/lifecycle.js:245:16)
14 verbose stack     at emitTwo (events.js:106:13)
14 verbose stack     at EventEmitter.emit (events.js:191:7)
14 verbose stack     at ChildProcess.<anonymous> (/usr/local/lib/node_modules/npm/lib/utils/spawn.js:24:14)
14 verbose stack     at emitTwo (events.js:106:13)
14 verbose stack     at ChildProcess.emit (events.js:191:7)
14 verbose stack     at maybeClose (internal/child_process.js:852:16)
14 verbose stack     at Process.ChildProcess._handle.onexit (internal/child_process.js:215:5)
15 verbose pkgid DardeVilleServer@0.0.0
16 verbose cwd /home/cazala/Documents/Projects/DardeVilleServer/scripts
17 error Linux 3.13.0-93-generic
18 error argv "/usr/bin/nodejs" "/usr/local/bin/npm" "start"
19 error node v6.3.0
20 error npm  v3.9.5
21 error code ELIFECYCLE
22 error DardeVilleServer@0.0.0 start: `cd scripts && ./environment_variables_script.sh && cd ../ && node ./bin/www`
22 error Exit status 1
23 error Failed at the DardeVilleServer@0.0.0 start script 'cd scripts && ./environment_variables_script.sh && cd ../ && node ./bin/www'.
23 error Make sure you have the latest version of node.js and npm installed.
23 error If you do, this is most likely a problem with the DardeVilleServer package,
23 error not with npm itself.
23 error Tell the author that this fails on your system:
23 error     cd scripts && ./environment_variables_script.sh && cd ../ && node ./bin/www
23 error You can get information on how to open an issue for this project with:
23 error     npm bugs DardeVilleServer
23 error Or if that isn't available, you can get their info via:
23 error     npm owner ls DardeVilleServer
23 error There is likely additional logging output above.
24 verbose exit [ 1, true ]
